[2021-01-04 15:36:29] app.INFO: Protect vendor folder in module contactform [] []
[2021-01-04 15:36:29] app.INFO: Module contactform has no vendor folder [] []
[2021-01-04 15:36:33] app.INFO: Protect vendor folder in module dashactivity [] []
[2021-01-04 15:36:33] app.INFO: Module dashactivity has no vendor folder [] []
[2021-01-04 15:36:39] app.INFO: Protect vendor folder in module dashgoals [] []
[2021-01-04 15:36:39] app.INFO: Module dashgoals has no vendor folder [] []
[2021-01-04 15:36:41] app.INFO: Protect vendor folder in module dashproducts [] []
[2021-01-04 15:36:41] app.INFO: Module dashproducts has no vendor folder [] []
[2021-01-04 15:36:42] app.INFO: Protect vendor folder in module dashtrends [] []
[2021-01-04 15:36:42] app.INFO: Module dashtrends has no vendor folder [] []
[2021-01-04 15:36:43] app.INFO: Protect vendor folder in module graphnvd3 [] []
[2021-01-04 15:36:43] app.INFO: Module graphnvd3 has no vendor folder [] []
[2021-01-04 15:36:44] app.INFO: Protect vendor folder in module gridhtml [] []
[2021-01-04 15:36:44] app.INFO: Module gridhtml has no vendor folder [] []
[2021-01-04 15:36:45] app.INFO: Protect vendor folder in module gsitemap [] []
[2021-01-04 15:36:45] app.INFO: Module gsitemap has no vendor folder [] []
[2021-01-04 15:36:47] app.INFO: Protect vendor folder in module pagesnotfound [] []
[2021-01-04 15:36:47] app.INFO: Module pagesnotfound has no vendor folder [] []
[2021-01-04 15:36:51] app.INFO: Protect vendor folder in module productcomments [] []
[2021-01-04 15:36:51] app.INFO: Module productcomments has no vendor folder [] []
[2021-01-04 15:36:53] app.INFO: Protect vendor folder in module ps_banner [] []
[2021-01-04 15:36:53] app.INFO: Module ps_banner has no vendor folder [] []
[2021-01-04 15:36:53] app.INFO: Protect vendor folder in module ps_categorytree [] []
[2021-01-04 15:36:53] app.INFO: Module ps_categorytree has no vendor folder [] []
[2021-01-04 15:36:54] app.INFO: Protect vendor folder in module ps_checkpayment [] []
[2021-01-04 15:36:54] app.INFO: Module ps_checkpayment has no vendor folder [] []
[2021-01-04 15:36:55] app.INFO: Protect vendor folder in module ps_contactinfo [] []
[2021-01-04 15:36:55] app.INFO: Module ps_contactinfo has no vendor folder [] []
[2021-01-04 15:36:56] app.INFO: Protect vendor folder in module ps_crossselling [] []
[2021-01-04 15:36:56] app.INFO: Module ps_crossselling has no vendor folder [] []
[2021-01-04 15:36:56] app.INFO: Protect vendor folder in module ps_currencyselector [] []
[2021-01-04 15:36:56] app.INFO: Module ps_currencyselector has no vendor folder [] []
[2021-01-04 15:36:58] app.INFO: Protect vendor folder in module ps_customeraccountlinks [] []
[2021-01-04 15:36:58] app.INFO: Module ps_customeraccountlinks has no vendor folder [] []
[2021-01-04 15:36:59] app.INFO: Protect vendor folder in module ps_customersignin [] []
[2021-01-04 15:36:59] app.INFO: Module ps_customersignin has no vendor folder [] []
[2021-01-04 15:37:01] app.INFO: Protect vendor folder in module ps_customtext [] []
[2021-01-04 15:37:01] app.INFO: Module ps_customtext has no vendor folder [] []
[2021-01-04 15:37:01] app.INFO: Protect vendor folder in module ps_dataprivacy [] []
[2021-01-04 15:37:01] app.INFO: Module ps_dataprivacy has no vendor folder [] []
[2021-01-04 15:37:04] app.INFO: Protect vendor folder in module ps_emailsubscription [] []
[2021-01-04 15:37:04] app.INFO: Module ps_emailsubscription has no vendor folder [] []
[2021-01-04 15:37:11] app.INFO: Protect vendor folder in module ps_facetedsearch [] []
[2021-01-04 15:37:11] app.INFO: Module ps_facetedsearch has no vendor folder [] []
[2021-01-04 15:37:12] app.INFO: Protect vendor folder in module ps_faviconnotificationbo [] []
[2021-01-04 15:37:12] app.INFO: Module ps_faviconnotificationbo has no vendor folder [] []
[2021-01-04 15:37:13] app.INFO: Protect vendor folder in module ps_featuredproducts [] []
[2021-01-04 15:37:13] app.INFO: Module ps_featuredproducts has no vendor folder [] []
[2021-01-04 15:37:15] app.INFO: Protect vendor folder in module ps_imageslider [] []
[2021-01-04 15:37:15] app.INFO: Module ps_imageslider has no vendor folder [] []
[2021-01-04 15:37:16] app.INFO: Protect vendor folder in module ps_languageselector [] []
[2021-01-04 15:37:16] app.INFO: Module ps_languageselector has no vendor folder [] []
[2021-01-04 15:37:17] app.INFO: Protect vendor folder in module ps_linklist [] []
[2021-01-04 15:37:18] app.INFO: Module ps_linklist has no vendor folder [] []
[2021-01-04 15:37:18] app.ERROR: Cannot register tab "AdminLinkWidget" because it already exists [] []
[2021-01-04 15:37:21] app.INFO: Protect vendor folder in module ps_mainmenu [] []
[2021-01-04 15:37:21] app.INFO: Module ps_mainmenu has no vendor folder [] []
[2021-01-04 15:37:22] app.INFO: Protect vendor folder in module ps_searchbar [] []
[2021-01-04 15:37:22] app.INFO: Module ps_searchbar has no vendor folder [] []
[2021-01-04 15:37:23] app.INFO: Protect vendor folder in module ps_sharebuttons [] []
[2021-01-04 15:37:23] app.INFO: Module ps_sharebuttons has no vendor folder [] []
[2021-01-04 15:37:23] app.INFO: Protect vendor folder in module ps_shoppingcart [] []
[2021-01-04 15:37:23] app.INFO: Module ps_shoppingcart has no vendor folder [] []
[2021-01-04 15:37:24] app.INFO: Protect vendor folder in module ps_socialfollow [] []
[2021-01-04 15:37:24] app.INFO: Module ps_socialfollow has no vendor folder [] []
[2021-01-04 15:37:27] app.INFO: Protect vendor folder in module ps_themecusto [] []
[2021-01-04 15:37:27] app.INFO: Module ps_themecusto has no vendor folder [] []
[2021-01-04 15:37:28] app.INFO: Protect vendor folder in module ps_wirepayment [] []
[2021-01-04 15:37:28] app.INFO: Module ps_wirepayment has no vendor folder [] []
[2021-01-04 15:37:29] app.INFO: Protect vendor folder in module sekeywords [] []
[2021-01-04 15:37:29] app.INFO: Module sekeywords has no vendor folder [] []
[2021-01-04 15:37:29] app.INFO: Protect vendor folder in module statsbestcategories [] []
[2021-01-04 15:37:29] app.INFO: Module statsbestcategories has no vendor folder [] []
[2021-01-04 15:37:30] app.INFO: Protect vendor folder in module statsbestcustomers [] []
[2021-01-04 15:37:30] app.INFO: Module statsbestcustomers has no vendor folder [] []
[2021-01-04 15:37:30] app.INFO: Protect vendor folder in module statsbestproducts [] []
[2021-01-04 15:37:30] app.INFO: Module statsbestproducts has no vendor folder [] []
[2021-01-04 15:37:31] app.INFO: Protect vendor folder in module statsbestsuppliers [] []
[2021-01-04 15:37:31] app.INFO: Module statsbestsuppliers has no vendor folder [] []
[2021-01-04 15:37:33] app.INFO: Protect vendor folder in module statsbestvouchers [] []
[2021-01-04 15:37:33] app.INFO: Module statsbestvouchers has no vendor folder [] []
[2021-01-04 15:37:34] app.INFO: Protect vendor folder in module statscarrier [] []
[2021-01-04 15:37:34] app.INFO: Module statscarrier has no vendor folder [] []
[2021-01-04 15:37:34] app.INFO: Protect vendor folder in module statscatalog [] []
[2021-01-04 15:37:34] app.INFO: Module statscatalog has no vendor folder [] []
[2021-01-04 15:37:35] app.INFO: Protect vendor folder in module statscheckup [] []
[2021-01-04 15:37:35] app.INFO: Module statscheckup has no vendor folder [] []
[2021-01-04 15:37:35] app.INFO: Protect vendor folder in module statsdata [] []
[2021-01-04 15:37:36] app.INFO: Module statsdata has no vendor folder [] []
[2021-01-04 15:37:36] app.INFO: Protect vendor folder in module statsequipment [] []
[2021-01-04 15:37:36] app.INFO: Module statsequipment has no vendor folder [] []
[2021-01-04 15:37:37] app.INFO: Protect vendor folder in module statsforecast [] []
[2021-01-04 15:37:37] app.INFO: Module statsforecast has no vendor folder [] []
[2021-01-04 15:37:38] app.INFO: Protect vendor folder in module statslive [] []
[2021-01-04 15:37:38] app.INFO: Module statslive has no vendor folder [] []
[2021-01-04 15:37:39] app.INFO: Protect vendor folder in module statsnewsletter [] []
[2021-01-04 15:37:39] app.INFO: Module statsnewsletter has no vendor folder [] []
[2021-01-04 15:37:39] app.INFO: Protect vendor folder in module statsorigin [] []
[2021-01-04 15:37:39] app.INFO: Module statsorigin has no vendor folder [] []
[2021-01-04 15:37:40] app.INFO: Protect vendor folder in module statspersonalinfos [] []
[2021-01-04 15:37:40] app.INFO: Module statspersonalinfos has no vendor folder [] []
[2021-01-04 15:37:40] app.INFO: Protect vendor folder in module statsproduct [] []
[2021-01-04 15:37:40] app.INFO: Module statsproduct has no vendor folder [] []
[2021-01-04 15:37:41] app.INFO: Protect vendor folder in module statsregistrations [] []
[2021-01-04 15:37:41] app.INFO: Module statsregistrations has no vendor folder [] []
[2021-01-04 15:37:41] app.INFO: Protect vendor folder in module statssales [] []
[2021-01-04 15:37:41] app.INFO: Module statssales has no vendor folder [] []
[2021-01-04 15:37:42] app.INFO: Protect vendor folder in module statssearch [] []
[2021-01-04 15:37:42] app.INFO: Module statssearch has no vendor folder [] []
[2021-01-04 15:37:43] app.INFO: Protect vendor folder in module statsstock [] []
[2021-01-04 15:37:43] app.INFO: Module statsstock has no vendor folder [] []
[2021-01-04 15:37:44] app.INFO: Protect vendor folder in module statsvisits [] []
[2021-01-04 15:37:44] app.INFO: Module statsvisits has no vendor folder [] []
[2021-01-04 15:37:45] app.INFO: Protect vendor folder in module welcome [] []
[2021-01-04 15:37:45] app.INFO: Module welcome has no vendor folder [] []
[2021-01-04 15:37:56] app.INFO: Exporting mail with theme modern for language Español (Spanish) [] []
[2021-01-04 15:37:56] app.INFO: Core output folder: C:\laragon\www\testPrestashop/mails [] []
[2021-01-04 15:37:56] app.INFO: Modules output folder: C:\laragon\www\testPrestashop/modules/ [] []
[2021-01-04 16:42:30] request.INFO: Matched route "admin_customers_create". {"route":"admin_customers_create","route_parameters":{"_controller":"PrestaShopBundle\\Controller\\Admin\\Sell\\Customer\\CustomerController::createAction","_legacy_controller":"AdminCustomers","_legacy_link":"AdminCustomers:addcustomer","_route":"admin_customers_create"},"request_uri":"http://testprestashop.test/admin127smg6iw/index.php/sell/customers/new?_token=McMta2saciVdsnSLDVqxK7nhEp01U3PWHHx2lNw4pog&liteDisplaying=1&submitFormAjax=1","method":"GET"} []
[2021-01-04 16:42:30] security.DEBUG: Read existing security token from the session. {"key":"_security_main","token_class":"Symfony\\Component\\Security\\Core\\Authentication\\Token\\UsernamePasswordToken"} []
[2021-01-04 16:42:30] security.DEBUG: User was reloaded from a user provider. {"provider":"PrestaShopBundle\\Security\\Admin\\EmployeeProvider","username":"dev.queopius@gmail.com"} []
[2021-01-04 16:42:31] request.CRITICAL: Uncaught PHP Exception Twig\Error\RuntimeError: "An exception has been thrown during the rendering of a template ("Catchable Fatal Error: Object of class Link could not be converted to string")." at C:\laragon\www\testPrestashop\src\PrestaShopBundle/Resources/views/Admin/layout.html.twig line 37 {"exception":"[object] (Twig\\Error\\RuntimeError(code: 0): An exception has been thrown during the rendering of a template (\"Catchable Fatal Error: Object of class Link could not be converted to string\"). at C:\\laragon\\www\\testPrestashop\\src\\PrestaShopBundle/Resources/views/Admin/layout.html.twig:37, Symfony\\Component\\Debug\\Exception\\ContextErrorException(code: 0): Catchable Fatal Error: Object of class Link could not be converted to string at C:\\laragon\\www\\testPrestashop\\var\\cache\\prod\\smarty\\compile\\classic\\85\\55\\2c\\85552c65146811161a6b48a4d860462d818131e9_0.file.content.tpl.php:67)"} []
[2021-01-04 16:42:31] security.DEBUG: Stored the security token in the session. {"key":"_security_main"} []
